<?xml version="1.0" encoding="UTF-8"?>
<testng-results ignored="0" total="2" passed="2" failed="0" skipped="0">
  <reporter-output>
  </reporter-output>
  <suite started-at="2020-02-26T14:29:37 IST" name="Default suite" finished-at="2020-02-26T14:29:37 IST" duration-ms="69">
    <groups>
    </groups>
    <test started-at="2020-02-26T14:29:37 IST" name="Default test" finished-at="2020-02-26T14:29:37 IST" duration-ms="69">
      <class name="qaclickacademy.RestAPITest">
        <test-method signature="restapitest1()[pri:0, instance:qaclickacademy.RestAPITest@22a637e7]" started-at="2020-02-26T14:29:37 IST" name="restapitest1" finished-at="2020-02-26T14:29:37 IST" duration-ms="14" status="PASS">
          <reporter-output>
          </reporter-output>
        </test-method> <!-- restapitest1 -->
        <test-method signature="restapitest2()[pri:0, instance:qaclickacademy.RestAPITest@22a637e7]" started-at="2020-02-26T14:29:37 IST" name="restapitest2" finished-at="2020-02-26T14:29:37 IST" duration-ms="2" status="PASS">
          <reporter-output>
          </reporter-output>
        </test-method> <!-- restapitest2 -->
      </class> <!-- qaclickacademy.RestAPITest -->
    </test> <!-- Default test -->
  </suite> <!-- Default suite -->
</testng-results>
